<?xml version="1.0" encoding="UTF-8"?>
<!-- Generated by org.testng.reporters.JUnitReportReporter -->
<testsuite hostname="LAPTOP-SHNH7OFQ" failures="0" tests="1" name="firsttestngpackage.FirstTestNGFile" time="5.740" errors="0" timestamp="2020-10-31T21:18:27 PDT" skipped="0">
  <testcase classname="firsttestngpackage.FirstTestNGFile" name="verifyHomepageTitle" time="5.740"/>
  <system-out/>
</testsuite> <!-- firsttestngpackage.FirstTestNGFile -->
