<?xml version="1.0" encoding="UTF-8"?>
<!-- Generated by org.testng.reporters.JUnitReportReporter -->
<testsuite hostname="LAPTOP-SHNH7OFQ" failures="0" tests="1" name="firsttestngpackage.FirstTestNGFile" time="14.601" errors="0" timestamp="2020-10-31T21:57:50 PDT" skipped="0">
  <testcase classname="firsttestngpackage.FirstTestNGFile" name="verifyHomepageTitle" time="14.601"/>
  <system-out/>
</testsuite> <!-- firsttestngpackage.FirstTestNGFile -->
