<?xml version="1.0" encoding="UTF-8"?>
<!-- Generated by org.testng.reporters.JUnitReportReporter -->
<testsuite hostname="LAPTOP-SHNH7OFQ" failures="0" tests="1" name="RTPackage.RTTest" time="5.872" errors="0" timestamp="2020-11-01T22:04:04 PST" skipped="0">
  <testcase classname="RTPackage.RTTest" name="searchTest" time="5.872"/>
  <system-out/>
</testsuite> <!-- RTPackage.RTTest -->
