<?xml version="1.0" encoding="UTF-8"?>
<!-- Generated by org.testng.reporters.JUnitReportReporter -->
<testsuite hostname="LAPTOP-SHNH7OFQ" failures="0" tests="1" name="RTPackage.RTTest" time="6.987" errors="0" timestamp="2020-11-02T22:07:56 PST" skipped="0">
  <testcase classname="RTPackage.RTTest" name="searchTest" time="6.987"/>
  <system-out/>
</testsuite> <!-- RTPackage.RTTest -->
