<?xml version="1.0" encoding="UTF-8"?>
<!-- Generated by org.testng.reporters.JUnitReportReporter -->
<testsuite hostname="LAPTOP-SHNH7OFQ" failures="0" tests="4" name="guru99Package.day5TestNG" time="12.833" errors="0" timestamp="2020-11-10T22:36:24 PST" skipped="0">
  <testcase classname="guru99Package.day5TestNG" name="loginTest" time="2.780"/>
  <system-out/>
  <testcase classname="guru99Package.day5TestNG" name="loginTest" time="1.822"/>
  <system-out/>
  <testcase classname="guru99Package.day5TestNG" name="loginTest" time="5.632"/>
  <system-out/>
  <testcase classname="guru99Package.day5TestNG" name="loginTest" time="2.599"/>
  <system-out/>
</testsuite> <!-- guru99Package.day5TestNG -->
