<?xml version="1.0" encoding="UTF-8"?>
<!-- Generated by org.testng.reporters.JUnitReportReporter -->
<testsuite hostname="LAPTOP-SHNH7OFQ" failures="0" tests="4" name="guru99Package.day6TestNG" time="14.163" errors="0" timestamp="2020-11-11T22:49:24 PST" skipped="0">
  <testcase classname="guru99Package.day6TestNG" name="loginTest" time="2.307"/>
  <system-out/>
  <testcase classname="guru99Package.day6TestNG" name="loginTest" time="2.574"/>
  <system-out/>
  <testcase classname="guru99Package.day6TestNG" name="loginTest" time="7.015"/>
  <system-out/>
  <testcase classname="guru99Package.day6TestNG" name="loginTest" time="2.267"/>
  <system-out/>
</testsuite> <!-- guru99Package.day6TestNG -->
