<?xml version="1.0" encoding="UTF-8"?>
<!-- Generated by org.testng.reporters.JUnitReportReporter -->
<testsuite hostname="LAPTOP-SHNH7OFQ" failures="0" tests="4" name="guru99Package.day5TestNG" time="12.064" errors="0" timestamp="2020-11-10T22:25:37 PST" skipped="0">
  <testcase classname="guru99Package.day5TestNG" name="loginTest" time="3.086"/>
  <system-out/>
  <testcase classname="guru99Package.day5TestNG" name="loginTest" time="2.313"/>
  <system-out/>
  <testcase classname="guru99Package.day5TestNG" name="loginTest" time="4.378"/>
  <system-out/>
  <testcase classname="guru99Package.day5TestNG" name="loginTest" time="2.287"/>
  <system-out/>
</testsuite> <!-- guru99Package.day5TestNG -->
