<?xml version="1.0" encoding="UTF-8"?>
<!-- Generated by org.testng.reporters.JUnitReportReporter -->
<testsuite hostname="LAPTOP-SHNH7OFQ" failures="0" tests="1" name="guru99Package.day6TestNG" time="40.436" errors="0" timestamp="2020-11-11T23:00:31 PST" skipped="0">
  <testcase classname="guru99Package.day6TestNG" name="loginTest" time="40.436"/>
  <system-out/>
</testsuite> <!-- guru99Package.day6TestNG -->
