<?xml version="1.0" encoding="UTF-8"?>
<!-- Generated by org.testng.reporters.JUnitReportReporter -->
<testsuite hostname="LAPTOP-SHNH7OFQ" failures="0" tests="1" name="guru99Package.day3TestNG" time="13.593" errors="0" timestamp="2020-11-11T22:59:00 PST" skipped="0">
  <testcase classname="guru99Package.day3TestNG" name="loginTest" time="13.593"/>
  <system-out/>
</testsuite> <!-- guru99Package.day3TestNG -->
