<?xml version="1.0" encoding="UTF-8"?>
<!-- Generated by org.testng.reporters.JUnitReportReporter -->
<testsuite hostname="LAPTOP-SHNH7OFQ" failures="0" tests="1" name="guru99Package.day5TestNG" time="12.446" errors="0" timestamp="2020-11-09T22:42:14 PST" skipped="0">
  <testcase classname="guru99Package.day5TestNG" name="loginTest" time="12.446"/>
  <system-out/>
</testsuite> <!-- guru99Package.day5TestNG -->
