<?xml version="1.0" encoding="UTF-8"?>
<!-- Generated by org.testng.reporters.JUnitReportReporter -->
<testsuite hostname="LAPTOP-SHNH7OFQ" failures="0" tests="1" name="guru99Package.day6TestNG" time="13.720" errors="0" timestamp="2020-11-13T22:52:14 PST" skipped="0">
  <testcase classname="guru99Package.day6TestNG" name="loginTest" time="13.720"/>
  <system-out/>
</testsuite> <!-- guru99Package.day6TestNG -->
