<?xml version="1.0" encoding="UTF-8"?>
<!-- Generated by org.testng.reporters.JUnitReportReporter -->
<testsuite hostname="LAPTOP-SHNH7OFQ" failures="0" tests="1" name="guru99Package.day6TestNG" time="11.205" errors="0" timestamp="2020-12-15T13:21:19 PST" skipped="0">
  <testcase classname="guru99Package.day6TestNG" name="loginTest" time="11.205"/>
  <system-out/>
</testsuite> <!-- guru99Package.day6TestNG -->
