<?xml version="1.0" encoding="UTF-8"?>
<!-- Generated by org.testng.reporters.JUnitReportReporter -->
<testsuite hostname="LAPTOP-SHNH7OFQ" failures="0" tests="1" name="guru99Package.day3TestNG" time="0.844" errors="0" timestamp="2020-11-07T16:18:56 PST" skipped="0">
  <testcase classname="guru99Package.day3TestNG" name="loginTest" time="0.844"/>
  <system-out/>
</testsuite> <!-- guru99Package.day3TestNG -->
