<?xml version="1.0" encoding="UTF-8"?>
<!-- Generated by org.testng.reporters.JUnitReportReporter -->
<testsuite hostname="LAPTOP-SHNH7OFQ" failures="0" tests="1" name="test.day10Test" time="30.558" errors="0" timestamp="2020-12-22T18:07:25 PST" skipped="0">
  <testcase classname="test.day10Test" name="exportOrdersTest" time="30.558"/>
  <system-out/>
</testsuite> <!-- test.day10Test -->
