<?xml version="1.0" encoding="UTF-8"?>
<!-- Generated by org.testng.reporters.JUnitReportReporter -->
<testsuite hostname="LAPTOP-SHNH7OFQ" failures="0" tests="1" name="test.day6Test" time="0.572" errors="0" timestamp="2020-11-26T22:17:39 PST" skipped="0">
  <testcase classname="test.day6Test" name="placeOrder" time="0.572"/>
  <system-out/>
</testsuite> <!-- test.day6Test -->
