<?xml version="1.0" encoding="UTF-8"?>
<!-- Generated by org.testng.reporters.JUnitReportReporter -->
<testsuite hostname="LAPTOP-SHNH7OFQ" failures="0" tests="1" name="test.day9Test" time="1.002" errors="0" timestamp="2020-12-09T21:38:51 PST" skipped="0">
  <testcase classname="test.day9Test" name="couponTest" time="1.002"/>
  <system-out/>
</testsuite> <!-- test.day9Test -->
