<?xml version="1.0" encoding="UTF-8"?>
<!-- Generated by org.testng.reporters.JUnitReportReporter -->
<testsuite hostname="LAPTOP-SHNH7OFQ" failures="0" tests="1" name="test.day4Test" time="6.711" errors="0" timestamp="2020-11-23T22:18:28 PST" skipped="0">
  <testcase classname="test.day4Test" name="compareTest" time="6.711"/>
  <system-out/>
</testsuite> <!-- test.day4Test -->
