<?xml version="1.0" encoding="UTF-8"?>
<!-- Generated by org.testng.reporters.JUnitReportReporter -->
<testsuite hostname="LAPTOP-SHNH7OFQ" failures="0" tests="1" name="test.day1Test" time="4.104" errors="0" timestamp="2020-11-17T22:55:21 PST" skipped="0">
  <testcase classname="test.day1Test" name="nameSort" time="4.104"/>
  <system-out/>
</testsuite> <!-- test.day1Test -->
