<?xml version="1.0" encoding="UTF-8"?>
<!-- Generated by org.testng.reporters.JUnitReportReporter -->
<testsuite hostname="LAPTOP-SHNH7OFQ" failures="0" tests="2" name="test.day3Test" time="7.550" errors="0" timestamp="2020-11-21T22:20:22 PST" skipped="0">
  <testcase classname="test.day3Test" name="cartTest" time="5.974"/>
  <system-out/>
  <testcase classname="test.day3Test" name="emptyCart" time="1.576"/>
  <system-out/>
</testsuite> <!-- test.day3Test -->
