<?xml version="1.0" encoding="UTF-8"?>
<!-- Generated by org.testng.reporters.JUnitReportReporter -->
<testsuite hostname="LAPTOP-SHNH7OFQ" failures="0" tests="1" name="test.day9Test" time="2.126" errors="0" timestamp="2020-12-11T23:13:35 PST" skipped="0">
  <testcase classname="test.day9Test" name="couponTest" time="2.126"/>
  <system-out/>
</testsuite> <!-- test.day9Test -->
