<?xml version="1.0" encoding="UTF-8"?>
<!-- Generated by org.testng.reporters.JUnitReportReporter -->
<testsuite hostname="LAPTOP-SHNH7OFQ" failures="0" tests="1" name="test.day1Expert" time="10.468" errors="0" timestamp="2020-11-18T22:36:44 PST" skipped="0">
  <testcase classname="test.day1Expert" name="testDay1TestCase1" time="10.468"/>
  <system-out/>
</testsuite> <!-- test.day1Expert -->
