<?xml version="1.0" encoding="UTF-8"?>
<!-- Generated by org.testng.reporters.JUnitReportReporter -->
<testsuite hostname="LAPTOP-SHNH7OFQ" failures="0" tests="1" name="test.day6Test" time="3.247" errors="0" timestamp="2020-12-07T20:34:14 PST" skipped="0">
  <testcase classname="test.day6Test" name="placeOrder" time="3.247"/>
  <system-out/>
</testsuite> <!-- test.day6Test -->
