<?xml version="1.0" encoding="UTF-8"?>
<!-- Generated by org.testng.reporters.JUnitReportReporter -->
<testsuite hostname="LAPTOP-SHNH7OFQ" failures="0" tests="1" name="test.day4Test" time="9.829" errors="0" timestamp="2020-11-24T22:28:50 PST" skipped="0">
  <testcase classname="test.day4Test" name="compareTest" time="9.829"/>
  <system-out/>
</testsuite> <!-- test.day4Test -->
