<?xml version="1.0" encoding="UTF-8"?>
<!-- Generated by org.testng.reporters.JUnitReportReporter -->
<testsuite hostname="LAPTOP-SHNH7OFQ" failures="0" tests="1" name="test.day5Test" time="0.284" errors="0" timestamp="2020-11-25T22:08:41 PST" skipped="0">
  <testcase classname="test.day5Test" name="createAccount" time="0.284"/>
  <system-out/>
</testsuite> <!-- test.day5Test -->
