<?xml version="1.0" encoding="UTF-8"?>
<!-- Generated by org.testng.reporters.JUnitReportReporter -->
<testsuite hostname="LAPTOP-SHNH7OFQ" failures="0" tests="1" name="test.day4Test" time="11.173" errors="0" timestamp="2020-11-24T22:41:37 PST" skipped="0">
  <testcase classname="test.day4Test" name="compareTest2" time="11.173"/>
  <system-out/>
</testsuite> <!-- test.day4Test -->
