<?xml version="1.0" encoding="UTF-8"?>
<!-- Generated by org.testng.reporters.JUnitReportReporter -->
<testsuite hostname="LAPTOP-SHNH7OFQ" failures="0" tests="1" name="test.day10Test" time="2.185" errors="0" timestamp="2020-12-12T22:48:29 PST" skipped="0">
  <testcase classname="test.day10Test" name="exportOrdersTest" time="2.185"/>
  <system-out/>
</testsuite> <!-- test.day10Test -->
