<?xml version="1.0" encoding="UTF-8"?>
<!-- Generated by org.testng.reporters.JUnitReportReporter -->
<testsuite hostname="LAPTOP-SHNH7OFQ" failures="0" tests="3" name="test.day1Test" time="5.811" errors="0" timestamp="2020-11-18T22:39:06 PST" skipped="0">
  <testcase classname="test.day1Test" name="verifyHomePage" time="0.026"/>
  <system-out/>
  <testcase classname="test.day1Test" name="verifyMobilePage" time="2.036"/>
  <system-out/>
  <testcase classname="test.day1Test" name="nameSort" time="3.749"/>
  <system-out/>
</testsuite> <!-- test.day1Test -->
