<?xml version="1.0" encoding="UTF-8"?>
<!-- Generated by org.testng.reporters.JUnitReportReporter -->
<testsuite hostname="LAPTOP-SHNH7OFQ" failures="0" tests="1" name="test.day2Test" time="1.644" errors="0" timestamp="2020-11-20T21:51:58 PST" skipped="0">
  <testcase classname="test.day2Test" name="comparePrice" time="1.644"/>
  <system-out/>
</testsuite> <!-- test.day2Test -->
