<?xml version="1.0" encoding="UTF-8"?>
<!-- Generated by org.testng.reporters.JUnitReportReporter -->
<testsuite hostname="LAPTOP-SHNH7OFQ" failures="0" tests="1" name="test.day3Test" time="8.870" errors="0" timestamp="2020-11-21T22:03:26 PST" skipped="0">
  <testcase classname="test.day3Test" name="cartTest" time="8.870"/>
  <system-out/>
</testsuite> <!-- test.day3Test -->
